Determining if the pthread_create exist failed with the following output:
Change Dir: /home/ubuntu/catkin_ws/src/dira_peripheral_controller/build/CMakeFiles/CMakeTmp

Run Build Command:"/usr/bin/make" "cmTC_8be8f/fast"
/usr/bin/make -f CMakeFiles/cmTC_8be8f.dir/build.make CMakeFiles/cmTC_8be8f.dir/build
make[1]: Entering directory '/home/ubuntu/catkin_ws/src/dira_peripheral_controller/build/CMakeFiles/CMakeTmp'
Building C object CMakeFiles/cmTC_8be8f.dir/CheckSymbolExists.c.o
/usr/bin/gcc-7    -o CMakeFiles/cmTC_8be8f.dir/CheckSymbolExists.c.o   -c /home/ubuntu/catkin_ws/src/dira_peripheral_controller/build/CMakeFiles/CMakeTmp/CheckSymbolExists.c
Linking C executable cmTC_8be8f
/usr/bin/cmake -E cmake_link_script CMakeFiles/cmTC_8be8f.dir/link.txt --verbose=1
/usr/bin/gcc-7      -rdynamic CMakeFiles/cmTC_8be8f.dir/CheckSymbolExists.c.o  -o cmTC_8be8f 
CMakeFiles/cmTC_8be8f.dir/CheckSymbolExists.c.o: In function `main':
CheckSymbolExists.c:(.text+0x14): undefined reference to `pthread_create'
CheckSymbolExists.c:(.text+0x18): undefined reference to `pthread_create'
collect2: error: ld returned 1 exit status
CMakeFiles/cmTC_8be8f.dir/build.make:97: recipe for target 'cmTC_8be8f' failed
make[1]: *** [cmTC_8be8f] Error 1
make[1]: Leaving directory '/home/ubuntu/catkin_ws/src/dira_peripheral_controller/build/CMakeFiles/CMakeTmp'
Makefile:126: recipe for target 'cmTC_8be8f/fast' failed
make: *** [cmTC_8be8f/fast] Error 2

File /home/ubuntu/catkin_ws/src/dira_peripheral_controller/build/CMakeFiles/CMakeTmp/CheckSymbolExists.c:
/* */
#include <pthread.h>

int main(int argc, char** argv)
{
  (void)argv;
#ifndef pthread_create
  return ((int*)(&pthread_create))[argc];
#else
  (void)argc;
  return 0;
#endif
}

Determining if the function pthread_create exists in the pthreads failed with the following output:
Change Dir: /home/ubuntu/catkin_ws/src/dira_peripheral_controller/build/CMakeFiles/CMakeTmp

Run Build Command:"/usr/bin/make" "cmTC_6827e/fast"
/usr/bin/make -f CMakeFiles/cmTC_6827e.dir/build.make CMakeFiles/cmTC_6827e.dir/build
make[1]: Entering directory '/home/ubuntu/catkin_ws/src/dira_peripheral_controller/build/CMakeFiles/CMakeTmp'
Building C object CMakeFiles/cmTC_6827e.dir/CheckFunctionExists.c.o
/usr/bin/gcc-7   -DCHECK_FUNCTION_EXISTS=pthread_create   -o CMakeFiles/cmTC_6827e.dir/CheckFunctionExists.c.o   -c /usr/share/cmake-3.10/Modules/CheckFunctionExists.c
Linking C executable cmTC_6827e
/usr/bin/cmake -E cmake_link_script CMakeFiles/cmTC_6827e.dir/link.txt --verbose=1
/usr/bin/gcc-7  -DCHECK_FUNCTION_EXISTS=pthread_create    -rdynamic CMakeFiles/cmTC_6827e.dir/CheckFunctionExists.c.o  -o cmTC_6827e -lpthreads 
/usr/bin/ld: cannot find -lpthreads
collect2: error: ld returned 1 exit status
CMakeFiles/cmTC_6827e.dir/build.make:97: recipe for target 'cmTC_6827e' failed
make[1]: *** [cmTC_6827e] Error 1
make[1]: Leaving directory '/home/ubuntu/catkin_ws/src/dira_peripheral_controller/build/CMakeFiles/CMakeTmp'
Makefile:126: recipe for target 'cmTC_6827e/fast' failed
make: *** [cmTC_6827e/fast] Error 2


